<?xml version="1.0" encoding="UTF-8"?>
<!-- Generated by org.testng.reporters.JUnitReportReporter -->
<testsuite hostname="LAPTOP-TQ07IDTP" failures="0" tests="4" name="Avdhut.SeleniumFramework.SubmitOrderTest" time="107.709" errors="0" timestamp="2022-12-11T18:44:41 IST" skipped="0">
  <testcase classname="Avdhut.SeleniumFramework.SubmitOrderTest" name="OrderHistoryTest" time="29.959"/>
  <system-out/>
  <testcase classname="Avdhut.SeleniumFramework.SubmitOrderTest" name="OrderHistoryTest" time="4.879"/>
  <system-out/>
  <testcase classname="Avdhut.SeleniumFramework.SubmitOrderTest" name="submitorder" time="28.486"/>
  <system-out/>
  <testcase classname="Avdhut.SeleniumFramework.SubmitOrderTest" name="submitorder" time="44.385"/>
  <system-out/>
</testsuite> <!-- Avdhut.SeleniumFramework.SubmitOrderTest -->
