<?xml version="1.0" encoding="UTF-8"?>
<!-- Generated by org.testng.reporters.JUnitReportReporter -->
<testsuite hostname="LAPTOP-TQ07IDTP" failures="0" tests="4" name="Avdhut.SeleniumFramework.SubmitOrderTest" time="59.234" errors="0" timestamp="2022-10-04T20:29:05 IST" skipped="0">
  <testcase classname="Avdhut.SeleniumFramework.SubmitOrderTest" name="submitorder" time="16.555"/>
  <system-out/>
  <testcase classname="Avdhut.SeleniumFramework.SubmitOrderTest" name="submitorder" time="15.315"/>
  <system-out/>
  <testcase classname="Avdhut.SeleniumFramework.SubmitOrderTest" name="OrderHistoryTest" time="21.962"/>
  <system-out/>
  <testcase classname="Avdhut.SeleniumFramework.SubmitOrderTest" name="OrderHistoryTest" time="5.402"/>
  <system-out/>
</testsuite> <!-- Avdhut.SeleniumFramework.SubmitOrderTest -->
